#
# A fatal error has been detected by the Java Runtime Environment:
#
#  SIGSEGV (0xb) at pc=0x0000000107d8e2c8, pid=10158, tid=18947
#
# JRE version: Java(TM) SE Runtime Environment (8.0_74-b02) (build 1.8.0_74-b02)
# Java VM: Java HotSpot(TM) 64-Bit Server VM (25.74-b02 mixed mode bsd-amd64 compressed oops)
# Problematic frame:
# V  [libjvm.dylib+0x4462c8]  Method::checked_resolve_jmethod_id(_jmethodID*)+0xe
#
# Failed to write core dump. Core dumps have been disabled. To enable core dumping, try "ulimit -c unlimited" before starting Java again
#
# If you would like to submit a bug report, please visit:
#   http://bugreport.java.com/bugreport/crash.jsp
#

---------------  T H R E A D  ---------------

Current thread (0x00007f95bc86d800):  JavaThread "JDWP Transport Listener: dt_socket" daemon [_thread_in_vm, id=18947, stack(0x000070000c6f1000,0x000070000c7f1000)]

siginfo: si_signo: 11 (SIGSEGV), si_code: 0 (unknown), si_addr: 0x0000000000000000

Registers:
RAX=0x0000000000000001, RBX=0x000070000c7f0a8b, RCX=0x000000010815d340, RDX=0x000070000c7f0a8b
RSP=0x000070000c7f09d0, RBP=0x000070000c7f09e0, RSI=0x00007f95bc86d800, RDI=0x000200323b32626f
R8 =0x0000000000000000, R9 =0x0000000000000000, R10=0x0000000000000001, R11=0x0000000000000001
R12=0x00007f95bc86d800, R13=0x000200323b32626f, R14=0x000200323b32626f, R15=0x00007f95bbc04210
RIP=0x0000000107d8e2c8, EFLAGS=0x0000000000010206, ERR=0x0000000000000000
  TRAPNO=0x000000000000000d

Top of Stack: (sp=0x000070000c7f09d0)
0x000070000c7f09d0:   000070000c7f0a8b 000070000c7f0a8b
0x000070000c7f09e0:   000070000c7f0a40 0000000107c9d2fe
0x000070000c7f09f0:   00007f95bc86d800 0000000000000000
0x000070000c7f0a00:   0000000000000000 0000000000000000
0x000070000c7f0a10:   00007f95bc86d800 00007f95bc86d800
0x000070000c7f0a20:   000070000c7f0a8b 000070000c7f0a90
0x000070000c7f0a30:   000200323b32626f 0000000000000003
0x000070000c7f0a40:   000070000c7f0a60 0000000105b36780
0x000070000c7f0a50:   0000000000000001 000070000c7f0b08
0x000070000c7f0a60:   000070000c7f0ad0 0000000105b1b1f3
0x000070000c7f0a70:   000070000c7f0aa0 00007f95bbd3d610
0x000070000c7f0a80:   0000000400000032 0000000a007f0b08
0x000070000c7f0a90:   0000000000000000 0000000000000000
0x000070000c7f0aa0:   0000000000000000 000070000c7f0c90
0x000070000c7f0ab0:   0000000105b3de7a 00007f95bbd3d640
0x000070000c7f0ac0:   000070000c7f0b08 0000000105b49598
0x000070000c7f0ad0:   000070000c7f0ae0 0000000105b1b2ec
0x000070000c7f0ae0:   000070000c7f0d00 0000000105b24898
0x000070000c7f0af0:   00005c5900000013 00000000000f0200
0x000070000c7f0b00:   00007f95bbd3db30 000070000c7f0bfe
0x000070000c7f0b10:   00007f9500000086 000070000c7f0b20
0x000070000c7f0b20:   00007f95000000a6 000070000c7f0b58
0x000070000c7f0b30:   0000000000000000 0000000000000000
0x000070000c7f0b40:   00005c5900000051 00007f9500004980
0x000070000c7f0b50:   000070000c7f0b58 957f000004000000
0x000070000c7f0b60:   0b000000884691bd 6972546563617073
0x000070000c7f0b70:   2816000000325f6d 616c2f6176616a4c
0x000070000c7f0b80:   6e697274532f676e 000000435b293b67
0x000070000c7f0b90:   7f00000a00000000 000000784691bd95
0x000070000c7f0ba0:   0000006e69616d04 6176616a4c5b2816
0x000070000c7f0bb0:   74532f676e616c2f 0056293b676e6972
0x000070000c7f0bc0:   0009000000000000 00804691bd957f00 

Instructions: (pc=0x0000000107d8e2c8)
0x0000000107d8e2a8:   40 48 48 85 c0 75 e0 30 c0 0f b6 c0 5d c3 31 c0
0x0000000107d8e2b8:   5d c3 55 48 89 e5 53 48 83 ec 08 48 85 ff 74 24
0x0000000107d8e2c8:   48 8b 1f 48 85 db 74 1c 48 83 fb 37 74 16 48 8b
0x0000000107d8e2d8:   03 48 89 df ff 50 10 84 c0 b8 00 00 00 00 48 0f 

Register to memory mapping:

RAX=0x0000000000000001 is an unknown value
RBX=0x000070000c7f0a8b is pointing into the stack for thread: 0x00007f95bc86d800
RCX=0x000000010815d340: UseMembar+0 in /Library/Java/JavaVirtualMachines/jdk1.8.0_74.jdk/Contents/Home/jre/lib/server/libjvm.dylib at 0x0000000107948000
RDX=0x000070000c7f0a8b is pointing into the stack for thread: 0x00007f95bc86d800
RSP=0x000070000c7f09d0 is pointing into the stack for thread: 0x00007f95bc86d800
RBP=0x000070000c7f09e0 is pointing into the stack for thread: 0x00007f95bc86d800
RSI=0x00007f95bc86d800 is a thread
RDI=0x000200323b32626f is an unknown value
R8 =0x0000000000000000 is an unknown value
R9 =0x0000000000000000 is an unknown value
R10=0x0000000000000001 is an unknown value
R11=0x0000000000000001 is an unknown value
R12=0x00007f95bc86d800 is a thread
R13=0x000200323b32626f is an unknown value
R14=0x000200323b32626f is an unknown value
R15=0x00007f95bbc04210 is an unknown value


Stack: [0x000070000c6f1000,0x000070000c7f1000],  sp=0x000070000c7f09d0,  free space=1022k
Native frames: (J=compiled Java code, j=interpreted, Vv=VM code, C=native code)
V  [libjvm.dylib+0x4462c8]  Method::checked_resolve_jmethod_id(_jmethodID*)+0xe
V  [libjvm.dylib+0x3552fe]  jvmti_IsMethodSynthetic+0xb2
C  [libjdwp.dylib+0x20780]  isMethodSynthetic+0x63
C  [libjdwp.dylib+0x51f3]  methods1+0x10b
C  [libjdwp.dylib+0x52ec]  methodsWithGeneric+0xe
C  [libjdwp.dylib+0xe898]  debugLoop_run+0x1ce
C  [libjdwp.dylib+0x1f6ba]  attachThread+0x4d
V  [libjvm.dylib+0x39665c]  JvmtiAgentThread::call_start_function()+0x38
V  [libjvm.dylib+0x560e03]  JavaThread::thread_main_inner()+0x9b
V  [libjvm.dylib+0x5624fe]  JavaThread::run()+0x1c2
V  [libjvm.dylib+0x482eda]  java_start(Thread*)+0xf6
C  [libsystem_pthread.dylib+0x393b]  _pthread_body+0xb4
C  [libsystem_pthread.dylib+0x3887]  _pthread_body+0x0
C  [libsystem_pthread.dylib+0x308d]  thread_start+0xd
C  0x0000000000000000


---------------  P R O C E S S  ---------------

Java Threads: ( => current thread )
  0x00007f95be821000 JavaThread "Service Thread" daemon [_thread_blocked, id=22531, stack(0x000070000ce06000,0x000070000cf06000)]
  0x00007f95bf001000 JavaThread "C1 CompilerThread3" daemon [_thread_blocked, id=22019, stack(0x000070000cd03000,0x000070000ce03000)]
  0x00007f95be813800 JavaThread "C2 CompilerThread2" daemon [_thread_blocked, id=21507, stack(0x000070000cc00000,0x000070000cd00000)]
  0x00007f95be816000 JavaThread "C2 CompilerThread1" daemon [_thread_blocked, id=20995, stack(0x000070000cafd000,0x000070000cbfd000)]
  0x00007f95bc036000 JavaThread "C2 CompilerThread0" daemon [_thread_blocked, id=20483, stack(0x000070000c9fa000,0x000070000cafa000)]
  0x00007f95bc86f000 JavaThread "JDWP Command Reader" daemon [_thread_in_native, id=19971, stack(0x000070000c8f7000,0x000070000c9f7000)]
  0x00007f95bc86e800 JavaThread "JDWP Event Helper Thread" daemon [_thread_blocked, id=19459, stack(0x000070000c7f4000,0x000070000c8f4000)]
=>0x00007f95bc86d800 JavaThread "JDWP Transport Listener: dt_socket" daemon [_thread_in_vm, id=18947, stack(0x000070000c6f1000,0x000070000c7f1000)]
  0x00007f95bc034800 JavaThread "Signal Dispatcher" daemon [_thread_blocked, id=18435, stack(0x000070000c5ee000,0x000070000c6ee000)]
  0x00007f95bc85e000 JavaThread "Finalizer" daemon [_thread_blocked, id=14595, stack(0x000070000c4eb000,0x000070000c5eb000)]
  0x00007f95bc85b800 JavaThread "Reference Handler" daemon [_thread_blocked, id=14083, stack(0x000070000c3e8000,0x000070000c4e8000)]
  0x00007f95bc006000 JavaThread "main" [_thread_blocked, id=7171, stack(0x000070000b9ca000,0x000070000baca000)]

Other Threads:
  0x00007f95bc856800 VMThread [stack: 0x000070000c2e5000,0x000070000c3e5000] [id=13571]
  0x00007f95bf002000 WatcherThread [stack: 0x000070000cf09000,0x000070000d009000] [id=23043]

VM state:not at safepoint (normal execution)

VM Mutex/Monitor currently owned by a thread: None

Heap:
 PSYoungGen      total 76288K, used 2621K [0x000000076ab00000, 0x0000000770000000, 0x00000007c0000000)
  eden space 65536K, 4% used [0x000000076ab00000,0x000000076ad8f5e8,0x000000076eb00000)
  from space 10752K, 0% used [0x000000076f580000,0x000000076f580000,0x0000000770000000)
  to   space 10752K, 0% used [0x000000076eb00000,0x000000076eb00000,0x000000076f580000)
 ParOldGen       total 175104K, used 0K [0x00000006c0000000, 0x00000006cab00000, 0x000000076ab00000)
  object space 175104K, 0% used [0x00000006c0000000,0x00000006c0000000,0x00000006cab00000)
 Metaspace       used 2929K, capacity 4792K, committed 5120K, reserved 1056768K
  class space    used 313K, capacity 424K, committed 512K, reserved 1048576K

Card table byte_map: [0x0000000106fc0000,0x00000001077c1000] byte_map_base: 0x00000001039c0000

Marking Bits: (ParMarkBitMap*) 0x000000010822bea0
 Begin Bits: [0x0000000117e2d000, 0x000000011be2d000)
 End Bits:   [0x000000011be2d000, 0x000000011fe2d000)

Polling page: 0x0000000105b15000

CodeCache: size=245760Kb used=1075Kb max_used=1075Kb free=244684Kb
 bounds [0x00000001088d7000, 0x0000000108b47000, 0x00000001178d7000]
 total_blobs=237 nmethods=15 adapters=145
 compilation: enabled

Compilation events (10 events):
Event: 0.106 Thread 0x00007f95bf001000   12       3       java.lang.String::indexOf (7 bytes)
Event: 0.106 Thread 0x00007f95bf001000 nmethod 12 0x00000001089e06d0 code [0x00000001089e0840, 0x00000001089e0a68]
Event: 0.106 Thread 0x00007f95bf001000   11       1       java.lang.ref.Reference::get (5 bytes)
Event: 0.106 Thread 0x00007f95bf001000 nmethod 11 0x00000001089d7450 code [0x00000001089d75a0, 0x00000001089d76b0]
Event: 0.108 Thread 0x00007f95bf001000   13       1       java.lang.ThreadLocal::access$400 (5 bytes)
Event: 0.108 Thread 0x00007f95bf001000 nmethod 13 0x00000001089e2890 code [0x00000001089e29e0, 0x00000001089e2ad0]
Event: 0.113 Thread 0x00007f95bf001000   14       3       java.lang.StringBuilder::append (8 bytes)
Event: 0.113 Thread 0x00007f95bf001000 nmethod 14 0x00000001089e3750 code [0x00000001089e38c0, 0x00000001089e3a68]
Event: 0.113 Thread 0x00007f95bf001000   15       3       java.lang.System::getSecurityManager (4 bytes)
Event: 0.113 Thread 0x00007f95bf001000 nmethod 15 0x00000001089e3b10 code [0x00000001089e3c60, 0x00000001089e3db0]

GC Heap History (0 events):
No events

Deoptimization events (0 events):
No events

Internal exceptions (2 events):
Event: 0.024 Thread 0x00007f95bc006000 Exception <a 'java/lang/NoSuchMethodError': Method sun.misc.Unsafe.defineClass(Ljava/lang/String;[BII)Ljava/lang/Class; name or signature does not match> (0x000000076ab07cc0) thrown at [/Users/java_re/workspace/8-2-build-macosx-x86_64/jdk8u74/6087/hotspot
Event: 0.024 Thread 0x00007f95bc006000 Exception <a 'java/lang/NoSuchMethodError': Method sun.misc.Unsafe.prefetchRead(Ljava/lang/Object;J)V name or signature does not match> (0x000000076ab07fa8) thrown at [/Users/java_re/workspace/8-2-build-macosx-x86_64/jdk8u74/6087/hotspot/src/share/vm/prim

Events (10 events):
Event: 1956.182 Executing VM operation: EnterInterpOnlyMode
Event: 1956.182 Executing VM operation: EnterInterpOnlyMode done
Event: 1956.182 Executing VM operation: GetCurrentLocation
Event: 1956.182 Executing VM operation: GetCurrentLocation done
Event: 1956.182 Executing VM operation: ChangeSingleStep
Event: 1956.182 Executing VM operation: ChangeSingleStep done
Event: 1956.182 Executing VM operation: ChangeSingleStep
Event: 1956.182 Executing VM operation: ChangeSingleStep done
Event: 2063.619 Executing VM operation: RedefineClasses
Event: 2063.619 Executing VM operation: RedefineClasses done


Dynamic libraries:
0x0000000018b3c000 	/System/Library/Frameworks/Cocoa.framework/Versions/A/Cocoa
0x0000000018b3c000 	/System/Library/Frameworks/Security.framework/Versions/A/Security
0x0000000018b3c000 	/System/Library/Frameworks/ApplicationServices.framework/Versions/A/ApplicationServices
0x0000000018b3c000 	/usr/lib/libz.1.dylib
0x0000000018b3c000 	/usr/lib/libSystem.B.dylib
0x0000000018b3c000 	/usr/lib/libobjc.A.dylib
0x0000000018b3c000 	/System/Library/Frameworks/CoreFoundation.framework/Versions/A/CoreFoundation
0x0000000018b3c000 	/System/Library/Frameworks/Foundation.framework/Versions/C/Foundation
0x0000000018b3c000 	/System/Library/Frameworks/AppKit.framework/Versions/C/AppKit
0x0000000018b3c000 	/System/Library/Frameworks/CoreData.framework/Versions/A/CoreData
0x0000000018b3c000 	/System/Library/PrivateFrameworks/RemoteViewServices.framework/Versions/A/RemoteViewServices
0x0000000018b3c000 	/System/Library/PrivateFrameworks/UIFoundation.framework/Versions/A/UIFoundation
0x0000000018b3c000 	/System/Library/PrivateFrameworks/DFRFoundation.framework/Versions/A/DFRFoundation
0x0000000018b3c000 	/usr/lib/libenergytrace.dylib
0x0000000018b3c000 	/System/Library/PrivateFrameworks/SkyLight.framework/Versions/A/SkyLight
0x0000000018b3c000 	/System/Library/Frameworks/CoreGraphics.framework/Versions/A/CoreGraphics
0x0000000018b3c000 	/usr/lib/libScreenReader.dylib
0x0000000018b3c000 	/System/Library/Frameworks/Accelerate.framework/Versions/A/Accelerate
0x0000000018b3c000 	/System/Library/Frameworks/IOSurface.framework/Versions/A/IOSurface
0x0000000018b3c000 	/System/Library/Frameworks/AudioToolbox.framework/Versions/A/AudioToolbox
0x0000000018b3c000 	/System/Library/Frameworks/AudioUnit.framework/Versions/A/AudioUnit
0x0000000018b3c000 	/System/Library/PrivateFrameworks/DataDetectorsCore.framework/Versions/A/DataDetectorsCore
0x0000000018b3c000 	/System/Library/PrivateFrameworks/DesktopServicesPriv.framework/Versions/A/DesktopServicesPriv
0x0000000018b3c000 	/System/Library/Frameworks/Carbon.framework/Versions/A/Frameworks/HIToolbox.framework/Versions/A/HIToolbox
0x0000000018b3c000 	/usr/lib/libicucore.A.dylib
0x0000000018b3c000 	/System/Library/Frameworks/QuartzCore.framework/Versions/A/QuartzCore
0x0000000018b3c000 	/System/Library/Frameworks/Carbon.framework/Versions/A/Frameworks/SpeechRecognition.framework/Versions/A/SpeechRecognition
0x0000000018b3c000 	/usr/lib/libauto.dylib
0x0000000018b3c000 	/usr/lib/libxml2.2.dylib
0x0000000018b3c000 	/System/Library/PrivateFrameworks/CoreUI.framework/Versions/A/CoreUI
0x0000000018b3c000 	/System/Library/Frameworks/CoreAudio.framework/Versions/A/CoreAudio
0x0000000018b3c000 	/System/Library/Frameworks/DiskArbitration.framework/Versions/A/DiskArbitration
0x0000000018b3c000 	/usr/lib/liblangid.dylib
0x0000000018b3c000 	/System/Library/PrivateFrameworks/MultitouchSupport.framework/Versions/A/MultitouchSupport
0x0000000018b3c000 	/System/Library/Frameworks/IOKit.framework/Versions/A/IOKit
0x0000000018b3c000 	/usr/lib/libDiagnosticMessagesClient.dylib
0x0000000018b3c000 	/System/Library/Frameworks/CoreServices.framework/Versions/A/CoreServices
0x0000000018b3c000 	/System/Library/PrivateFrameworks/PerformanceAnalysis.framework/Versions/A/PerformanceAnalysis
0x0000000018b3c000 	/System/Library/PrivateFrameworks/GenerationalStorage.framework/Versions/A/GenerationalStorage
0x0000000018b3c000 	/System/Library/Frameworks/OpenGL.framework/Versions/A/OpenGL
0x0000000018b3c000 	/System/Library/Frameworks/CoreImage.framework/Versions/A/CoreImage
0x0000000018b3c000 	/System/Library/Frameworks/CoreText.framework/Versions/A/CoreText
0x0000000018b3c000 	/System/Library/Frameworks/ImageIO.framework/Versions/A/ImageIO
0x0000000018b3c000 	/System/Library/PrivateFrameworks/Backup.framework/Versions/A/Backup
0x0000000018b3c000 	/usr/lib/libarchive.2.dylib
0x0000000018b3c000 	/System/Library/Frameworks/CFNetwork.framework/Versions/A/CFNetwork
0x0000000018b3c000 	/System/Library/Frameworks/SystemConfiguration.framework/Versions/A/SystemConfiguration
0x0000000018b3c000 	/usr/lib/libCRFSuite.dylib
0x0000000018b3c000 	/usr/lib/libc++.1.dylib
0x0000000018b3c000 	/usr/lib/libc++abi.dylib
0x0000000018b3c000 	/usr/lib/system/libcache.dylib
0x0000000018b3c000 	/usr/lib/system/libcommonCrypto.dylib
0x0000000018b3c000 	/usr/lib/system/libcompiler_rt.dylib
0x0000000018b3c000 	/usr/lib/system/libcopyfile.dylib
0x0000000018b3c000 	/usr/lib/system/libcorecrypto.dylib
0x0000000018b3c000 	/usr/lib/system/libdispatch.dylib
0x0000000018b3c000 	/usr/lib/system/libdyld.dylib
0x0000000018b3c000 	/usr/lib/system/libkeymgr.dylib
0x0000000018b3c000 	/usr/lib/system/liblaunch.dylib
0x0000000018b3c000 	/usr/lib/system/libmacho.dylib
0x0000000018b3c000 	/usr/lib/system/libquarantine.dylib
0x0000000018b3c000 	/usr/lib/system/libremovefile.dylib
0x0000000018b3c000 	/usr/lib/system/libsystem_asl.dylib
0x0000000018b3c000 	/usr/lib/system/libsystem_blocks.dylib
0x0000000018b3c000 	/usr/lib/system/libsystem_c.dylib
0x0000000018b3c000 	/usr/lib/system/libsystem_configuration.dylib
0x0000000018b3c000 	/usr/lib/system/libsystem_coreservices.dylib
0x0000000018b3c000 	/usr/lib/system/libsystem_coretls.dylib
0x0000000018b3c000 	/usr/lib/system/libsystem_dnssd.dylib
0x0000000018b3c000 	/usr/lib/system/libsystem_info.dylib
0x0000000018b3c000 	/usr/lib/system/libsystem_kernel.dylib
0x0000000018b3c000 	/usr/lib/system/libsystem_m.dylib
0x0000000018b3c000 	/usr/lib/system/libsystem_malloc.dylib
0x0000000018b3c000 	/usr/lib/system/libsystem_network.dylib
0x0000000018b3c000 	/usr/lib/system/libsystem_networkextension.dylib
0x0000000018b3c000 	/usr/lib/system/libsystem_notify.dylib
0x0000000018b3c000 	/usr/lib/system/libsystem_platform.dylib
0x0000000018b3c000 	/usr/lib/system/libsystem_pthread.dylib
0x0000000018b3c000 	/usr/lib/system/libsystem_sandbox.dylib
0x0000000018b3c000 	/usr/lib/system/libsystem_secinit.dylib
0x0000000018b3c000 	/usr/lib/system/libsystem_symptoms.dylib
0x0000000018b3c000 	/usr/lib/system/libsystem_trace.dylib
0x0000000018b3c000 	/usr/lib/system/libunwind.dylib
0x0000000018b3c000 	/usr/lib/system/libxpc.dylib
0x0000000018b3c000 	/usr/lib/libbsm.0.dylib
0x0000000018b3c000 	/usr/lib/system/libkxld.dylib
0x0000000018b3c000 	/usr/lib/libcoretls.dylib
0x0000000018b3c000 	/usr/lib/libcoretls_cfhelpers.dylib
0x0000000018b3c000 	/usr/lib/libOpenScriptingUtil.dylib
0x0000000018b3c000 	/usr/lib/libpam.2.dylib
0x0000000018b3c000 	/usr/lib/libsqlite3.dylib
0x0000000018b3c000 	/usr/lib/libxar.1.dylib
0x0000000018b3c000 	/usr/lib/libbz2.1.0.dylib
0x0000000018b3c000 	/usr/lib/liblzma.5.dylib
0x0000000018b3c000 	/usr/lib/libnetwork.dylib
0x0000000018b3c000 	/usr/lib/libpcap.A.dylib
0x0000000018b3c000 	/System/Library/Frameworks/CoreServices.framework/Versions/A/Frameworks/FSEvents.framework/Versions/A/FSEvents
0x0000000018b3c000 	/System/Library/Frameworks/CoreServices.framework/Versions/A/Frameworks/CarbonCore.framework/Versions/A/CarbonCore
0x0000000018b3c000 	/System/Library/Frameworks/CoreServices.framework/Versions/A/Frameworks/Metadata.framework/Versions/A/Metadata
0x0000000018b3c000 	/System/Library/Frameworks/CoreServices.framework/Versions/A/Frameworks/OSServices.framework/Versions/A/OSServices
0x0000000018b3c000 	/System/Library/Frameworks/CoreServices.framework/Versions/A/Frameworks/SearchKit.framework/Versions/A/SearchKit
0x0000000018b3c000 	/System/Library/Frameworks/CoreServices.framework/Versions/A/Frameworks/AE.framework/Versions/A/AE
0x0000000018b3c000 	/System/Library/Frameworks/CoreServices.framework/Versions/A/Frameworks/LaunchServices.framework/Versions/A/LaunchServices
0x0000000018b3c000 	/System/Library/Frameworks/CoreServices.framework/Versions/A/Frameworks/DictionaryServices.framework/Versions/A/DictionaryServices
0x0000000018b3c000 	/System/Library/Frameworks/CoreServices.framework/Versions/A/Frameworks/SharedFileList.framework/Versions/A/SharedFileList
0x0000000018b3c000 	/System/Library/Frameworks/NetFS.framework/Versions/A/NetFS
0x0000000018b3c000 	/System/Library/PrivateFrameworks/NetAuth.framework/Versions/A/NetAuth
0x0000000018b3c000 	/System/Library/PrivateFrameworks/login.framework/Versions/A/Frameworks/loginsupport.framework/Versions/A/loginsupport
0x0000000018b3c000 	/System/Library/PrivateFrameworks/TCC.framework/Versions/A/TCC
0x0000000018b3c000 	/usr/lib/libmecabra.dylib
0x0000000018b3c000 	/System/Library/Frameworks/ApplicationServices.framework/Versions/A/Frameworks/ATS.framework/Versions/A/ATS
0x0000000018b3c000 	/System/Library/Frameworks/ApplicationServices.framework/Versions/A/Frameworks/ColorSync.framework/Versions/A/ColorSync
0x0000000018b3c000 	/System/Library/Frameworks/ApplicationServices.framework/Versions/A/Frameworks/HIServices.framework/Versions/A/HIServices
0x0000000018b3c000 	/System/Library/Frameworks/ApplicationServices.framework/Versions/A/Frameworks/LangAnalysis.framework/Versions/A/LangAnalysis
0x0000000018b3c000 	/System/Library/Frameworks/ApplicationServices.framework/Versions/A/Frameworks/PrintCore.framework/Versions/A/PrintCore
0x0000000018b3c000 	/System/Library/Frameworks/ApplicationServices.framework/Versions/A/Frameworks/QD.framework/Versions/A/QD
0x0000000018b3c000 	/System/Library/Frameworks/ApplicationServices.framework/Versions/A/Frameworks/SpeechSynthesis.framework/Versions/A/SpeechSynthesis
0x0000000018b3c000 	/System/Library/Frameworks/Accelerate.framework/Versions/A/Frameworks/vImage.framework/Versions/A/vImage
0x0000000018b3c000 	/System/Library/Frameworks/Accelerate.framework/Versions/A/Frameworks/vecLib.framework/Versions/A/vecLib
0x0000000018b3c000 	/System/Library/Frameworks/Accelerate.framework/Versions/A/Frameworks/vecLib.framework/Versions/A/libvDSP.dylib
0x0000000018b3c000 	/System/Library/Frameworks/Accelerate.framework/Versions/A/Frameworks/vecLib.framework/Versions/A/libBNNS.dylib
0x0000000018b3c000 	/System/Library/Frameworks/Accelerate.framework/Versions/A/Frameworks/vecLib.framework/Versions/A/libQuadrature.dylib
0x0000000018b3c000 	/System/Library/Frameworks/Accelerate.framework/Versions/A/Frameworks/vecLib.framework/Versions/A/libvMisc.dylib
0x0000000018b3c000 	/System/Library/Frameworks/Accelerate.framework/Versions/A/Frameworks/vecLib.framework/Versions/A/libLAPACK.dylib
0x0000000018b3c000 	/System/Library/Frameworks/Accelerate.framework/Versions/A/Frameworks/vecLib.framework/Versions/A/libBLAS.dylib
0x0000000018b3c000 	/System/Library/Frameworks/Accelerate.framework/Versions/A/Frameworks/vecLib.framework/Versions/A/libLinearAlgebra.dylib
0x0000000018b3c000 	/System/Library/Frameworks/Accelerate.framework/Versions/A/Frameworks/vecLib.framework/Versions/A/libSparseBLAS.dylib
0x0000000018b3c000 	/System/Library/Frameworks/ApplicationServices.framework/Versions/A/Frameworks/ATS.framework/Versions/A/Resources/libFontParser.dylib
0x0000000018b3c000 	/System/Library/Frameworks/ApplicationServices.framework/Versions/A/Frameworks/ATS.framework/Versions/A/Resources/libFontRegistry.dylib
0x0000000018b3c000 	/System/Library/Frameworks/ImageIO.framework/Versions/A/Resources/libJPEG.dylib
0x0000000018b3c000 	/System/Library/Frameworks/ImageIO.framework/Versions/A/Resources/libTIFF.dylib
0x0000000018b3c000 	/System/Library/Frameworks/ImageIO.framework/Versions/A/Resources/libPng.dylib
0x0000000018b3c000 	/System/Library/Frameworks/ImageIO.framework/Versions/A/Resources/libGIF.dylib
0x0000000018b3c000 	/System/Library/Frameworks/ImageIO.framework/Versions/A/Resources/libJP2.dylib
0x0000000018b3c000 	/System/Library/Frameworks/ImageIO.framework/Versions/A/Resources/libRadiance.dylib
0x0000000018b3c000 	/usr/lib/libcompression.dylib
0x0000000018b3c000 	/System/Library/PrivateFrameworks/AppleJPEG.framework/Versions/A/AppleJPEG
0x0000000018b3c000 	/usr/lib/libcups.2.dylib
0x0000000018b3c000 	/System/Library/Frameworks/Kerberos.framework/Versions/A/Kerberos
0x0000000018b3c000 	/System/Library/Frameworks/GSS.framework/Versions/A/GSS
0x0000000018b3c000 	/usr/lib/libresolv.9.dylib
0x0000000018b3c000 	/usr/lib/libiconv.2.dylib
0x0000000018b3c000 	/System/Library/PrivateFrameworks/Heimdal.framework/Versions/A/Heimdal
0x0000000018b3c000 	/usr/lib/libheimdal-asn1.dylib
0x0000000018b3c000 	/System/Library/Frameworks/OpenDirectory.framework/Versions/A/OpenDirectory
0x0000000018b3c000 	/System/Library/PrivateFrameworks/CommonAuth.framework/Versions/A/CommonAuth
0x0000000018b3c000 	/System/Library/Frameworks/OpenDirectory.framework/Versions/A/Frameworks/CFOpenDirectory.framework/Versions/A/CFOpenDirectory
0x0000000018b3c000 	/System/Library/Frameworks/SecurityFoundation.framework/Versions/A/SecurityFoundation
0x0000000018b3c000 	/System/Library/PrivateFrameworks/LanguageModeling.framework/Versions/A/LanguageModeling
0x0000000018b3c000 	/usr/lib/libmarisa.dylib
0x0000000018b3c000 	/usr/lib/libChineseTokenizer.dylib
0x0000000018b3c000 	/usr/lib/libcmph.dylib
0x0000000018b3c000 	/System/Library/PrivateFrameworks/CoreEmoji.framework/Versions/A/CoreEmoji
0x0000000018b3c000 	/System/Library/Frameworks/ServiceManagement.framework/Versions/A/ServiceManagement
0x0000000018b3c000 	/usr/lib/libxslt.1.dylib
0x0000000018b3c000 	/System/Library/Frameworks/Carbon.framework/Versions/A/Frameworks/Ink.framework/Versions/A/Ink
0x0000000018b3c000 	/System/Library/PrivateFrameworks/TextureIO.framework/Versions/A/TextureIO
0x0000000018b3c000 	/System/Library/Frameworks/Metal.framework/Versions/A/Metal
0x0000000018b3c000 	/usr/lib/libate.dylib
0x0000000018b3c000 	/System/Library/PrivateFrameworks/GPUCompiler.framework/libmetal_timestamp.dylib
0x0000000018b3c000 	/System/Library/Frameworks/OpenGL.framework/Versions/A/Libraries/libCoreFSCache.dylib
0x0000000018b3c000 	/System/Library/PrivateFrameworks/IOAccelerator.framework/Versions/A/IOAccelerator
0x0000000018b3c000 	/System/Library/Frameworks/CoreVideo.framework/Versions/A/CoreVideo
0x0000000018b3c000 	/usr/lib/libFosl_dynamic.dylib
0x0000000018b3c000 	/System/Library/PrivateFrameworks/MetalPerformanceShaders.framework/Versions/A/MetalPerformanceShaders
0x0000000018b3c000 	/System/Library/PrivateFrameworks/FaceCore.framework/Versions/A/FaceCore
0x0000000018b3c000 	/System/Library/Frameworks/OpenCL.framework/Versions/A/OpenCL
0x0000000018b3c000 	/System/Library/Frameworks/OpenGL.framework/Versions/A/Libraries/libGLU.dylib
0x0000000018b3c000 	/System/Library/Frameworks/OpenGL.framework/Versions/A/Libraries/libGFXShared.dylib
0x0000000018b3c000 	/System/Library/Frameworks/OpenGL.framework/Versions/A/Libraries/libGL.dylib
0x0000000018b3c000 	/System/Library/Frameworks/OpenGL.framework/Versions/A/Libraries/libGLImage.dylib
0x0000000018b3c000 	/System/Library/Frameworks/OpenGL.framework/Versions/A/Libraries/libCVMSPluginSupport.dylib
0x0000000018b3c000 	/System/Library/Frameworks/OpenGL.framework/Versions/A/Libraries/libCoreVMClient.dylib
0x0000000018b3c000 	/System/Library/PrivateFrameworks/CrashReporterSupport.framework/Versions/A/CrashReporterSupport
0x0000000018b3c000 	/System/Library/PrivateFrameworks/Sharing.framework/Versions/A/Sharing
0x0000000018b3c000 	/System/Library/PrivateFrameworks/IconServices.framework/Versions/A/IconServices
0x0000000018b3c000 	/System/Library/PrivateFrameworks/ProtocolBuffer.framework/Versions/A/ProtocolBuffer
0x0000000018b3c000 	/System/Library/PrivateFrameworks/Apple80211.framework/Versions/A/Apple80211
0x0000000018b3c000 	/System/Library/Frameworks/CoreWLAN.framework/Versions/A/CoreWLAN
0x0000000018b3c000 	/System/Library/PrivateFrameworks/CoreUtils.framework/Versions/A/CoreUtils
0x0000000018b3c000 	/System/Library/Frameworks/IOBluetooth.framework/Versions/A/IOBluetooth
0x0000000018b3c000 	/System/Library/PrivateFrameworks/CoreWiFi.framework/Versions/A/CoreWiFi
0x0000000018b3c000 	/System/Library/Frameworks/CoreBluetooth.framework/Versions/A/CoreBluetooth
0x0000000018b3c000 	/System/Library/Frameworks/CoreDisplay.framework/Versions/A/CoreDisplay
0x0000000018b3c000 	/System/Library/PrivateFrameworks/IOPresentment.framework/Versions/A/IOPresentment
0x0000000018b3c000 	/System/Library/PrivateFrameworks/DSExternalDisplay.framework/Versions/A/DSExternalDisplay
0x0000000018b3c000 	/System/Library/PrivateFrameworks/DebugSymbols.framework/Versions/A/DebugSymbols
0x0000000018b3c000 	/System/Library/PrivateFrameworks/CoreSymbolication.framework/Versions/A/CoreSymbolication
0x0000000018b3c000 	/System/Library/PrivateFrameworks/Symbolication.framework/Versions/A/Symbolication
0x0000000018b3c000 	/System/Library/PrivateFrameworks/AppleFSCompression.framework/Versions/A/AppleFSCompression
0x0000000018b3c000 	/System/Library/PrivateFrameworks/SpeechRecognitionCore.framework/Versions/A/SpeechRecognitionCore
0x0000000018b3c000 	/System/Library/PrivateFrameworks/ChunkingLibrary.framework/Versions/A/ChunkingLibrary
0x0000000107948000 	/Library/Java/JavaVirtualMachines/jdk1.8.0_74.jdk/Contents/Home/jre/lib/server/libjvm.dylib
0x0000000018b3c000 	/usr/lib/libstdc++.6.dylib
0x0000000105ad2000 	/Library/Java/JavaVirtualMachines/jdk1.8.0_74.jdk/Contents/Home/jre/lib/libverify.dylib
0x0000000105ae0000 	/Library/Java/JavaVirtualMachines/jdk1.8.0_74.jdk/Contents/Home/jre/lib/libjava.dylib
0x0000000105b16000 	/Library/Java/JavaVirtualMachines/jdk1.8.0_74.jdk/Contents/Home/jre/lib/libjdwp.dylib
0x0000000105b61000 	/Library/Java/JavaVirtualMachines/jdk1.8.0_74.jdk/Contents/Home/jre/lib/libnpt.dylib
0x0000000105b6e000 	/Library/Java/JavaVirtualMachines/jdk1.8.0_74.jdk/Contents/Home/jre/lib/libzip.dylib
0x0000000122c62000 	/System/Library/Frameworks/JavaVM.framework/Frameworks/JavaRuntimeSupport.framework/JavaRuntimeSupport
0x0000000122c7c000 	/System/Library/Frameworks/JavaVM.framework/Versions/A/Frameworks/JavaNativeFoundation.framework/Versions/A/JavaNativeFoundation
0x0000000105bf0000 	/System/Library/Frameworks/JavaVM.framework/Versions/A/JavaVM
0x0000000018b3c000 	/System/Library/Frameworks/Carbon.framework/Versions/A/Carbon
0x0000000122c91000 	/System/Library/PrivateFrameworks/JavaLaunching.framework/Versions/A/JavaLaunching
0x0000000018b3c000 	/System/Library/Frameworks/Carbon.framework/Versions/A/Frameworks/CommonPanels.framework/Versions/A/CommonPanels
0x0000000018b3c000 	/System/Library/Frameworks/Carbon.framework/Versions/A/Frameworks/Help.framework/Versions/A/Help
0x0000000018b3c000 	/System/Library/Frameworks/Carbon.framework/Versions/A/Frameworks/ImageCapture.framework/Versions/A/ImageCapture
0x0000000018b3c000 	/System/Library/Frameworks/Carbon.framework/Versions/A/Frameworks/OpenScripting.framework/Versions/A/OpenScripting
0x0000000018b3c000 	/System/Library/Frameworks/Carbon.framework/Versions/A/Frameworks/Print.framework/Versions/A/Print
0x0000000018b3c000 	/System/Library/Frameworks/Carbon.framework/Versions/A/Frameworks/SecurityHI.framework/Versions/A/SecurityHI
0x0000000124596000 	/Library/Java/JavaVirtualMachines/jdk1.8.0_74.jdk/Contents/Home/jre/lib/libdt_socket.dylib

VM Arguments:
jvm_args: -agentlib:jdwp=transport=dt_socket,suspend=y,address=localhost:63714 -Dfile.encoding=UTF-8 
java_command: step4.self.StringProb2
java_class_path (initial): /Users/Jason/Documents/Development/Java/workspace/java26_StringExam/bin
Launcher Type: SUN_STANDARD

Environment Variables:
PATH=/usr/bin:/bin:/usr/sbin:/sbin
SHELL=/bin/bash

Signal Handlers:
SIGSEGV: [libjvm.dylib+0x5a6855], sa_mask[0]=11111111011111110111111111111111, sa_flags=SA_ONSTACK|SA_RESTART|SA_SIGINFO
SIGBUS: [libjvm.dylib+0x5a6855], sa_mask[0]=11111111011111110111111111111111, sa_flags=SA_RESTART|SA_SIGINFO
SIGFPE: [libjvm.dylib+0x4804ec], sa_mask[0]=11111111011111110111111111111111, sa_flags=SA_RESTART|SA_SIGINFO
SIGPIPE: [libjvm.dylib+0x4804ec], sa_mask[0]=11111111011111110111111111111111, sa_flags=SA_RESTART|SA_SIGINFO
SIGXFSZ: [libjvm.dylib+0x4804ec], sa_mask[0]=11111111011111110111111111111111, sa_flags=SA_RESTART|SA_SIGINFO
SIGILL: [libjvm.dylib+0x4804ec], sa_mask[0]=11111111011111110111111111111111, sa_flags=SA_RESTART|SA_SIGINFO
SIGUSR1: SIG_DFL, sa_mask[0]=00000000000000000000000000000000, sa_flags=none
SIGUSR2: [libjvm.dylib+0x48000a], sa_mask[0]=00100000000000000000000000000000, sa_flags=SA_RESTART|SA_SIGINFO
SIGHUP: [libjvm.dylib+0x47e5e1], sa_mask[0]=11111111011111110111111111111111, sa_flags=SA_RESTART|SA_SIGINFO
SIGINT: [libjvm.dylib+0x47e5e1], sa_mask[0]=11111111011111110111111111111111, sa_flags=SA_RESTART|SA_SIGINFO
SIGTERM: [libjvm.dylib+0x47e5e1], sa_mask[0]=11111111011111110111111111111111, sa_flags=SA_RESTART|SA_SIGINFO
SIGQUIT: [libjvm.dylib+0x47e5e1], sa_mask[0]=11111111011111110111111111111111, sa_flags=SA_RESTART|SA_SIGINFO


---------------  S Y S T E M  ---------------

OS:Bsduname:Darwin 16.7.0 Darwin Kernel Version 16.7.0: Thu Jun 15 17:36:27 PDT 2017; root:xnu-3789.70.16~2/RELEASE_X86_64 x86_64
rlimit: STACK 8192k, CORE 0k, NPROC 709, NOFILE 10240, AS infinity
load average:1.60 1.50 1.48

CPU:total 8 (4 cores per cpu, 2 threads per core) family 6 model 70 stepping 1, cmov, cx8, fxsr, mmx, sse, sse2, sse3, ssse3, sse4.1, sse4.2, popcnt, avx, avx2, aes, clmul, erms, lzcnt, ht, tsc, tscinvbit, bmi1, bmi2

Memory: 4k page, physical 16777216k(1803844k free)

/proc/meminfo:


vm_info: Java HotSpot(TM) 64-Bit Server VM (25.74-b02) for bsd-amd64 JRE (1.8.0_74-b02), built on Jan 29 2016 15:32:34 by "java_re" with gcc 4.2.1 (Based on Apple Inc. build 5658) (LLVM build 2336.11.00)

time: Mon Aug 28 14:42:16 2017
elapsed time: 2063 seconds (0d 0h 34m 23s)

